jyothi.g@gradientm.com opened the mail at Wed Oct 15 12:02:58 2025
jyothi.g@gradientm.com opened the mail at Wed Oct 15 12:05:30 2025
amrutha.m@gradientm.com opened the mail at Wed Oct 15 16:45:31 2025
darshan.n@gradientm.com opened the mail at Wed Oct 15 16:45:31 2025
unnathi.accamma@gradientm.com opened the mail at Wed Oct 15 17:49:19 2025
unnathi.accamma@gradientm.com opened the mail at Wed Oct 15 17:49:26 2025
jyothi.g@gradientm.com opened the mail at Thu Oct 23 12:40:27 2025
jyothi.g@gradientm.com opened the mail at Fri Oct 24 14:16:21 2025
jyothi.g@gradientm.com opened the mail at Fri Oct 24 14:26:10 2025
jyothi.g@gradientm.com opened the mail at Fri Oct 24 15:30:53 2025
jyothi.g@gradientm.com opened the mail at Fri Oct 24 15:37:47 2025
jyothi.g@gradientm.com opened the mail at Fri Oct 24 15:46:07 2025
jyothi.g@gradientm.com opened the mail at Mon Oct 27 11:24:08 2025
jyothi.g@gradientm.com opened the mail at Mon Oct 27 11:25:28 2025
jyothi.g@gradientm.com opened the mail at Mon Oct 27 11:34:15 2025
jyothi.g@gradientm.com opened the mail at Mon Oct 27 12:34:02 2025
jyothi.g@gradientm.com opened the mail at Mon Oct 27 12:46:37 2025
jyothi.g@gradientm.com opened the mail at Mon Oct 27 12:59:43 2025
jyothi.g@gradientm.com opened the mail at Mon Oct 27 13:09:26 2025
jyothi.g@gradientm.com opened the mail at Mon Oct 27 13:21:25 2025
jyothi.g@gradientm.com opened the mail at Mon Oct 27 16:17:52 2025
jyothi.g@gradientm.com opened the mail at Mon Oct 27 16:19:01 2025
jyothi.g@gradientm.com opened the mail at Mon Oct 27 16:22:07 2025
jyothi.g@gradientm.com opened the mail at Mon Oct 27 16:45:03 2025
🎉 EMAIL OPENED: jyothi.g@gradientm.com opened the mail at Wed Nov 19 15:26:15 2025
🎉 EMAIL OPENED: jyothi.g@gradientm.com opened the mail at Wed Nov 19 17:26:56 2025
🎉 EMAIL OPENED: jyothi.g@gradientm.com opened the mail at Fri Nov 21 10:16:27 2025
🎉 EMAIL OPENED: jyothi.g@gradientm.com opened the mail at Fri Nov 21 14:37:13 2025
🎉 EMAIL OPENED: jyothi.g@gradientm.com opened the mail at Thu Dec 18 18:54:50 2025
🎉 EMAIL OPENED: jyothi.g@gradientm.com opened the mail at Thu Dec 18 18:56:33 2025
🎉 EMAIL OPENED: jyothi.g@gradientm.com opened the mail at Thu Dec 18 18:58:25 2025
🎉 EMAIL OPENED: jyothi.g@gradientm.com opened the mail at Thu Dec 18 19:05:13 2025
🎉 EMAIL OPENED: jyothi.g@gradientm.com opened the mail at Thu Dec 18 19:06:03 2025
🎉 EMAIL OPENED: jyothi.g@gradientm.com opened the mail at Thu Dec 18 19:07:02 2025
🎉 EMAIL OPENED: jyothi.g@gradientm.com opened the mail at Thu Dec 18 19:09:18 2025
🎉 EMAIL OPENED: jyothi.g@gradientm.com opened the mail at Thu Dec 18 19:12:28 2025
🎉 EMAIL OPENED: jyothi.g@gradientm.com opened the mail at Thu Dec 18 19:16:15 2025
